C51 COMPILER V9.60.7.0   TOGGLE_LED                                                        03/22/2025 12:28:45 PAGE 1   


C51 COMPILER V9.60.7.0, COMPILATION OF MODULE TOGGLE_LED
OBJECT MODULE PLACED IN .\Objects\toggle_led.obj
COMPILER INVOKED BY: C:\Keil_v5\C51\BIN\C51.EXE toggle_led.c OPTIMIZE(8,SPEED) BROWSE DEBUG OBJECTEXTEND PRINT(.\Listing
                    -s\toggle_led.lst) TABS(2) OBJECT(.\Objects\toggle_led.obj)

line level    source

   1          #include<reg52.h>
   2          
   3          void main(){
   4   1        unsigned char x, y;
   5   1        unsigned int i;
   6   1        P0 = 0x00;
   7   1        while(1){
   8   2          x = 0x01;
   9   2          for(y = 0; y < 8 ; y++){
  10   3            P1 = x;
  11   3            for(x = 0; i < 60000; i++){
  12   4              x = x<<1;
  13   4            }
  14   3          }
  15   2        }
  16   1      }


MODULE INFORMATION:   STATIC OVERLAYABLE
   CODE SIZE        =     59    ----
   CONSTANT SIZE    =   ----    ----
   XDATA SIZE       =   ----    ----
   PDATA SIZE       =   ----    ----
   DATA SIZE        =   ----       4
   IDATA SIZE       =   ----    ----
   BIT SIZE         =   ----    ----
END OF MODULE INFORMATION.


C51 COMPILATION COMPLETE.  0 WARNING(S),  0 ERROR(S)
